<?xml version="1.0" encoding="UTF-8"?>
<!-- Generated by org.testng.reporters.JUnitXMLReporter -->
<testsuite ignored="0" hostname="DESKTOP-MHLLET6" failures="0" tests="6" name="Test" time="68.999" errors="0" timestamp="2023-08-19T09:36:52 SGT">
  <testcase classname="testcases.TC_001_AccountRegistrationTest" name="test_Account_Registration" time="1.974"/>
  <testcase classname="testcases.TC_003_LoginDataDrivenTest" name="test_LoginDDT" time="11.61"/>
  <testcase classname="testcases.TC_003_LoginDataDrivenTest" name="test_LoginDDT" time="11.014"/>
  <testcase classname="testcases.TC_003_LoginDataDrivenTest" name="test_LoginDDT" time="10.992"/>
  <testcase classname="testcases.TC_003_LoginDataDrivenTest" name="test_LoginDDT" time="11.069"/>
  <testcase classname="testcases.TC_003_LoginDataDrivenTest" name="test_LoginDDT" time="10.934"/>
</testsuite> <!-- Test -->
