<?xml version="1.0" encoding="UTF-8"?>
<testng-results ignored="0" total="2" passed="2" failed="0" skipped="0">
  <reporter-output>
  </reporter-output>
  <suite started-at="2023-08-22T11:02:03 SGT" name="Suite" finished-at="2023-08-22T11:03:00 SGT" duration-ms="56880">
    <groups>
    </groups>
    <test started-at="2023-08-22T11:02:03 SGT" name="Test" finished-at="2023-08-22T11:03:00 SGT" duration-ms="56880">
      <class name="testcases.TC_005_AddToCartPageTest">
        <test-method is-config="true" signature="setUp(java.lang.String)[pri:0, instance:testcases.TC_005_AddToCartPageTest@350aac89]" started-at="2023-08-22T11:02:34 SGT" name="setUp" finished-at="2023-08-22T11:02:37 SGT" duration-ms="2826" status="PASS">
          <params>
            <param index="0">
              <value>
                <![CDATA[chrome]]>
              </value>
            </param>
          </params>
          <reporter-output>
          </reporter-output>
        </test-method> <!-- setUp -->
        <test-method signature="test_addToCart()[pri:0, instance:testcases.TC_005_AddToCartPageTest@350aac89]" started-at="2023-08-22T11:02:37 SGT" name="test_addToCart" finished-at="2023-08-22T11:02:59 SGT" duration-ms="22045" status="PASS">
          <reporter-output>
          </reporter-output>
        </test-method> <!-- test_addToCart -->
        <test-method is-config="true" signature="tearDown()[pri:0, instance:testcases.TC_005_AddToCartPageTest@350aac89]" started-at="2023-08-22T11:02:59 SGT" name="tearDown" finished-at="2023-08-22T11:03:00 SGT" duration-ms="424" status="PASS">
          <reporter-output>
          </reporter-output>
        </test-method> <!-- tearDown -->
      </class> <!-- testcases.TC_005_AddToCartPageTest -->
      <class name="testcases.TC_004_SearchProductTest">
        <test-method is-config="true" signature="setUp(java.lang.String)[pri:0, instance:testcases.TC_004_SearchProductTest@548d708a]" started-at="2023-08-22T11:02:03 SGT" name="setUp" finished-at="2023-08-22T11:02:10 SGT" duration-ms="6373" status="PASS">
          <params>
            <param index="0">
              <value>
                <![CDATA[chrome]]>
              </value>
            </param>
          </params>
          <reporter-output>
          </reporter-output>
        </test-method> <!-- setUp -->
        <test-method signature="test_pruductSearch()[pri:0, instance:testcases.TC_004_SearchProductTest@548d708a]" started-at="2023-08-22T11:02:10 SGT" name="test_pruductSearch" finished-at="2023-08-22T11:02:34 SGT" duration-ms="24106" status="PASS">
          <reporter-output>
          </reporter-output>
        </test-method> <!-- test_pruductSearch -->
        <test-method is-config="true" signature="tearDown()[pri:0, instance:testcases.TC_004_SearchProductTest@548d708a]" started-at="2023-08-22T11:02:34 SGT" name="tearDown" finished-at="2023-08-22T11:02:34 SGT" duration-ms="321" status="PASS">
          <reporter-output>
          </reporter-output>
        </test-method> <!-- tearDown -->
      </class> <!-- testcases.TC_004_SearchProductTest -->
    </test> <!-- Test -->
  </suite> <!-- Suite -->
</testng-results>
